[debug] [2019-07-07T11:04:04.202Z] ----------------------------------------------------------------------
[debug] [2019-07-07T11:04:04.206Z] Command:       /usr/local/bin/node /usr/local/bin/firebase deploy
[debug] [2019-07-07T11:04:04.206Z] CLI Version:   6.11.0
[debug] [2019-07-07T11:04:04.206Z] Platform:      darwin
[debug] [2019-07-07T11:04:04.207Z] Node Version:  v10.14.2
[debug] [2019-07-07T11:04:04.208Z] Time:          Sun Jul 07 2019 16:34:04 GMT+0530 (India Standard Time)
[debug] [2019-07-07T11:04:04.208Z] ----------------------------------------------------------------------
[debug] 
[debug] [2019-07-07T11:04:04.229Z] > command requires scopes: ["email","openid","https://www.googleapis.com/auth/cloudplatformprojects.readonly","https://www.googleapis.com/auth/firebase","https://www.googleapis.com/auth/cloud-platform"]
[debug] [2019-07-07T11:04:04.229Z] > authorizing via signed-in user
[debug] [2019-07-07T11:04:04.229Z] [iam] checking project sahyog-ed192 for permissions ["firebase.projects.get","firebasehosting.sites.update"]
[debug] [2019-07-07T11:04:04.232Z] >>> HTTP REQUEST POST https://cloudresourcemanager.googleapis.com/v1/projects/sahyog-ed192:testIamPermissions  

[debug] [2019-07-07T11:04:06.159Z] <<< HTTP RESPONSE 200
[debug] [2019-07-07T11:04:06.163Z] >>> HTTP REQUEST GET https://firebase.googleapis.com/v1beta1/projects/sahyog-ed192  
 
[debug] [2019-07-07T11:04:06.765Z] <<< HTTP RESPONSE 200
[info] 
[info] === Deploying to 'sahyog-ed192'...
[info] 
[info] i  deploying hosting
[debug] [2019-07-07T11:04:06.775Z] >>> HTTP REQUEST POST https://firebasehosting.googleapis.com/v1beta1/sites/sahyog-ed192/versions  

[debug] [2019-07-07T11:04:09.221Z] <<< HTTP RESPONSE 200
[info] i  hosting[sahyog-ed192]: beginning deploy...
[info] i  hosting[sahyog-ed192]: found 622 files in dist
[debug] [2019-07-07T11:04:09.362Z] [hosting] hash cache [ZGlzdA] load error: lines is not defined
[debug] [2019-07-07T11:04:10.261Z] [hosting] hash cache [ZGlzdA] stored for 622 files
[debug] [2019-07-07T11:04:10.261Z] [hosting][hash queue][FINAL]
[debug] [2019-07-07T11:04:10.262Z] >>> HTTP REQUEST POST https://firebasehosting.googleapis.com/v1beta1/sites/sahyog-ed192/versions/29d4893d74f0d7da:populateFiles  
 <request body omitted>
